This file contains any messages produced by compilers while
running configure, to aid debugging if configure makes a mistake.

It was created by configure, which was
generated by GNU Autoconf 2.69.  Invocation command line was

  $ ./configure --no-create --no-recursion

## --------- ##
## Platform. ##
## --------- ##

hostname = amitjain-devvm
uname -m = x86_64
uname -r = 4.15.0-1015-gcp
uname -s = Linux
uname -v = #15~16.04.1-Ubuntu SMP Thu Jul 26 20:37:01 UTC 2018

/usr/bin/uname -p = unknown
/bin/uname -X     = unknown

/bin/arch              = unknown
/usr/bin/arch -k       = unknown
/usr/convex/getsysinfo = unknown
/usr/bin/hostinfo      = unknown
/bin/machine           = unknown
/usr/bin/oslevel       = unknown
/bin/universe          = unknown

PATH: /home/amitjain/bin
PATH: /home/amitjain/.local/bin
PATH: /usr/local/sbin
PATH: /usr/local/bin
PATH: /usr/sbin
PATH: /usr/bin
PATH: /sbin
PATH: /bin
PATH: /usr/games
PATH: /usr/local/games
PATH: /snap/bin
PATH: /usr/local/go/bin
PATH: /home/amitjain/go/bin
PATH: /home/amitjain/go_root
PATH: /home/amitjain/go_root/bin
PATH: /home/amitjain/go_path/bin


## ----------- ##
## Core tests. ##
## ----------- ##

configure:2270: checking for a BSD-compatible install
configure:2338: result: /usr/bin/install -c
configure:2349: checking whether build environment is sane
configure:2404: result: yes
configure:2555: checking for a thread-safe mkdir -p
configure:2594: result: /bin/mkdir -p
configure:2601: checking for gawk
configure:2617: found /usr/bin/gawk
configure:2628: result: gawk
configure:2639: checking whether make sets $(MAKE)
configure:2661: result: yes
configure:2690: checking whether make supports nested variables
configure:2707: result: yes
configure:2885: checking for gcc
configure:2901: found /usr/bin/gcc
configure:2912: result: gcc
configure:3141: checking for C compiler version
configure:3150: gcc --version >&5
gcc (Ubuntu 5.4.0-6ubuntu1~16.04.10) 5.4.0 20160609
Copyright (C) 2015 Free Software Foundation, Inc.
This is free software; see the source for copying conditions.  There is NO
warranty; not even for MERCHANTABILITY or FITNESS FOR A PARTICULAR PURPOSE.

configure:3161: $? = 0
configure:3150: gcc -v >&5
Using built-in specs.
COLLECT_GCC=gcc
COLLECT_LTO_WRAPPER=/usr/lib/gcc/x86_64-linux-gnu/5/lto-wrapper
Target: x86_64-linux-gnu
Configured with: ../src/configure -v --with-pkgversion='Ubuntu 5.4.0-6ubuntu1~16.04.10' --with-bugurl=file:///usr/share/doc/gcc-5/README.Bugs --enable-languages=c,ada,c++,java,go,d,fortran,objc,obj-c++ --prefix=/usr --program-suffix=-5 --enable-shared --enable-linker-build-id --libexecdir=/usr/lib --without-included-gettext --enable-threads=posix --libdir=/usr/lib --enable-nls --with-sysroot=/ --enable-clocale=gnu --enable-libstdcxx-debug --enable-libstdcxx-time=yes --with-default-libstdcxx-abi=new --enable-gnu-unique-object --disable-vtable-verify --enable-libmpx --enable-plugin --with-system-zlib --disable-browser-plugin --enable-java-awt=gtk --enable-gtk-cairo --with-java-home=/usr/lib/jvm/java-1.5.0-gcj-5-amd64/jre --enable-java-home --with-jvm-root-dir=/usr/lib/jvm/java-1.5.0-gcj-5-amd64 --with-jvm-jar-dir=/usr/lib/jvm-exports/java-1.5.0-gcj-5-amd64 --with-arch-directory=amd64 --with-ecj-jar=/usr/share/java/eclipse-ecj.jar --enable-objc-gc --enable-multiarch --disable-werror --with-arch-32=i686 --with-abi=m64 --with-multilib-list=m32,m64,mx32 --enable-multilib --with-tune=generic --enable-checking=release --build=x86_64-linux-gnu --host=x86_64-linux-gnu --target=x86_64-linux-gnu
Thread model: posix
gcc version 5.4.0 20160609 (Ubuntu 5.4.0-6ubuntu1~16.04.10) 
configure:3161: $? = 0
configure:3150: gcc -V >&5
gcc: error: unrecognized command line option '-V'
gcc: fatal error: no input files
compilation terminated.
configure:3161: $? = 1
configure:3150: gcc -qversion >&5
gcc: error: unrecognized command line option '-qversion'
gcc: fatal error: no input files
compilation terminated.
configure:3161: $? = 1
configure:3181: checking whether the C compiler works
configure:3203: gcc    conftest.c  >&5
configure:3207: $? = 0
configure:3255: result: yes
configure:3258: checking for C compiler default output file name
configure:3260: result: a.out
configure:3266: checking for suffix of executables
configure:3273: gcc -o conftest    conftest.c  >&5
configure:3277: $? = 0
configure:3299: result: 
configure:3321: checking whether we are cross compiling
configure:3329: gcc -o conftest    conftest.c  >&5
configure:3333: $? = 0
configure:3340: ./conftest
configure:3344: $? = 0
configure:3359: result: no
configure:3364: checking for suffix of object files
configure:3386: gcc -c   conftest.c >&5
configure:3390: $? = 0
configure:3411: result: o
configure:3415: checking whether we are using the GNU C compiler
configure:3434: gcc -c   conftest.c >&5
configure:3434: $? = 0
configure:3443: result: yes
configure:3452: checking whether gcc accepts -g
configure:3472: gcc -c -g  conftest.c >&5
configure:3472: $? = 0
configure:3513: result: yes
configure:3530: checking for gcc option to accept ISO C89
configure:3593: gcc  -c -g -O2  conftest.c >&5
configure:3593: $? = 0
configure:3606: result: none needed
configure:3631: checking whether gcc understands -c and -o together
configure:3653: gcc -c conftest.c -o conftest2.o
configure:3656: $? = 0
configure:3653: gcc -c conftest.c -o conftest2.o
configure:3656: $? = 0
configure:3668: result: yes
configure:3696: checking for style of include used by make
configure:3724: result: GNU
configure:3750: checking dependency style of gcc
configure:3861: result: gcc3
configure:3889: checking how to run the C preprocessor
configure:3920: gcc -E  conftest.c
configure:3920: $? = 0
configure:3934: gcc -E  conftest.c
conftest.c:11:28: fatal error: ac_nonexistent.h: No such file or directory
compilation terminated.
configure:3934: $? = 1
configure: failed program was:
| /* confdefs.h */
| #define PACKAGE_NAME ""
| #define PACKAGE_TARNAME ""
| #define PACKAGE_VERSION ""
| #define PACKAGE_STRING ""
| #define PACKAGE_BUGREPORT ""
| #define PACKAGE_URL ""
| #define PACKAGE "dssl"
| #define VERSION "2.1.1"
| /* end confdefs.h.  */
| #include <ac_nonexistent.h>
configure:3959: result: gcc -E
configure:3979: gcc -E  conftest.c
configure:3979: $? = 0
configure:3993: gcc -E  conftest.c
conftest.c:11:28: fatal error: ac_nonexistent.h: No such file or directory
compilation terminated.
configure:3993: $? = 1
configure: failed program was:
| /* confdefs.h */
| #define PACKAGE_NAME ""
| #define PACKAGE_TARNAME ""
| #define PACKAGE_VERSION ""
| #define PACKAGE_STRING ""
| #define PACKAGE_BUGREPORT ""
| #define PACKAGE_URL ""
| #define PACKAGE "dssl"
| #define VERSION "2.1.1"
| /* end confdefs.h.  */
| #include <ac_nonexistent.h>
configure:4022: checking for grep that handles long lines and -e
configure:4080: result: /bin/grep
configure:4085: checking for egrep
configure:4147: result: /bin/grep -E
configure:4152: checking for ANSI C header files
configure:4172: gcc -c -g -O2  conftest.c >&5
configure:4172: $? = 0
configure:4245: gcc -o conftest -g -O2   conftest.c  >&5
configure:4245: $? = 0
configure:4245: ./conftest
configure:4245: $? = 0
configure:4256: result: yes
configure:4325: checking build system type
configure:4339: result: x86_64-pc-linux-gnu
configure:4359: checking host system type
configure:4372: result: x86_64-pc-linux-gnu
configure:4413: checking how to print strings
configure:4440: result: printf
configure:4461: checking for a sed that does not truncate output
configure:4525: result: /bin/sed
configure:4543: checking for fgrep
configure:4605: result: /bin/grep -F
configure:4640: checking for ld used by gcc
configure:4707: result: /usr/bin/ld
configure:4714: checking if the linker (/usr/bin/ld) is GNU ld
configure:4729: result: yes
configure:4741: checking for BSD- or MS-compatible name lister (nm)
configure:4795: result: /usr/bin/nm -B
configure:4925: checking the name lister (/usr/bin/nm -B) interface
configure:4932: gcc -c -g -O2  conftest.c >&5
configure:4935: /usr/bin/nm -B "conftest.o"
configure:4938: output
0000000000000000 B some_variable
configure:4945: result: BSD nm
configure:4948: checking whether ln -s works
configure:4952: result: yes
configure:4960: checking the maximum length of command line arguments
configure:5091: result: 1572864
configure:5139: checking how to convert x86_64-pc-linux-gnu file names to x86_64-pc-linux-gnu format
configure:5179: result: func_convert_file_noop
configure:5186: checking how to convert x86_64-pc-linux-gnu file names to toolchain format
configure:5206: result: func_convert_file_noop
configure:5213: checking for /usr/bin/ld option to reload object files
configure:5220: result: -r
configure:5294: checking for objdump
configure:5310: found /usr/bin/objdump
configure:5321: result: objdump
configure:5353: checking how to recognize dependent libraries
configure:5553: result: pass_all
configure:5638: checking for dlltool
configure:5668: result: no
configure:5698: checking how to associate runtime and link libraries
configure:5725: result: printf %s\n
configure:5785: checking for ar
configure:5801: found /usr/bin/ar
configure:5812: result: ar
configure:5849: checking for archiver @FILE support
configure:5866: gcc -c -g -O2  conftest.c >&5
configure:5866: $? = 0
configure:5869: ar cru libconftest.a @conftest.lst >&5
ar: `u' modifier ignored since `D' is the default (see `U')
configure:5872: $? = 0
configure:5877: ar cru libconftest.a @conftest.lst >&5
ar: `u' modifier ignored since `D' is the default (see `U')
ar: conftest.o: No such file or directory
configure:5880: $? = 1
configure:5892: result: @
configure:5950: checking for strip
configure:5966: found /usr/bin/strip
configure:5977: result: strip
configure:6049: checking for ranlib
configure:6065: found /usr/bin/ranlib
configure:6076: result: ranlib
configure:6178: checking command to parse /usr/bin/nm -B output from gcc object
configure:6331: gcc -c -g -O2  conftest.c >&5
configure:6334: $? = 0
configure:6338: /usr/bin/nm -B conftest.o \| sed -n -e 's/^.*[ ]\([ABCDGIRSTW][ABCDGIRSTW]*\)[ ][ ]*\([_A-Za-z][_A-Za-z0-9]*\)$/\1 \2 \2/p' | sed '/ __gnu_lto/d' \> conftest.nm
configure:6341: $? = 0
configure:6407: gcc -o conftest -g -O2   conftest.c conftstm.o >&5
configure:6410: $? = 0
configure:6448: result: ok
configure:6495: checking for sysroot
configure:6525: result: no
configure:6532: checking for a working dd
configure:6570: result: /bin/dd
configure:6574: checking how to truncate binary pipes
configure:6589: result: /bin/dd bs=4096 count=1
configure:6725: gcc -c -g -O2  conftest.c >&5
configure:6728: $? = 0
configure:6918: checking for mt
configure:6934: found /bin/mt
configure:6945: result: mt
configure:6968: checking if mt is a manifest tool
configure:6974: mt '-?'
configure:6982: result: no
configure:7659: checking for sys/types.h
configure:7659: gcc -c -g -O2  conftest.c >&5
configure:7659: $? = 0
configure:7659: result: yes
configure:7659: checking for sys/stat.h
configure:7659: gcc -c -g -O2  conftest.c >&5
configure:7659: $? = 0
configure:7659: result: yes
configure:7659: checking for stdlib.h
configure:7659: gcc -c -g -O2  conftest.c >&5
configure:7659: $? = 0
configure:7659: result: yes
configure:7659: checking for string.h
configure:7659: gcc -c -g -O2  conftest.c >&5
configure:7659: $? = 0
configure:7659: result: yes
configure:7659: checking for memory.h
configure:7659: gcc -c -g -O2  conftest.c >&5
configure:7659: $? = 0
configure:7659: result: yes
configure:7659: checking for strings.h
configure:7659: gcc -c -g -O2  conftest.c >&5
configure:7659: $? = 0
configure:7659: result: yes
configure:7659: checking for inttypes.h
configure:7659: gcc -c -g -O2  conftest.c >&5
configure:7659: $? = 0
configure:7659: result: yes
configure:7659: checking for stdint.h
configure:7659: gcc -c -g -O2  conftest.c >&5
configure:7659: $? = 0
configure:7659: result: yes
configure:7659: checking for unistd.h
configure:7659: gcc -c -g -O2  conftest.c >&5
configure:7659: $? = 0
configure:7659: result: yes
configure:7673: checking for dlfcn.h
configure:7673: gcc -c -g -O2  conftest.c >&5
configure:7673: $? = 0
configure:7673: result: yes
configure:7899: checking for objdir
configure:7914: result: .libs
configure:8174: checking if gcc supports -fno-rtti -fno-exceptions
configure:8192: gcc -c -g -O2  -fno-rtti -fno-exceptions conftest.c >&5
cc1: warning: command line option '-fno-rtti' is valid for C++/ObjC++ but not for C
configure:8196: $? = 0
configure:8209: result: no
configure:8567: checking for gcc option to produce PIC
configure:8574: result: -fPIC -DPIC
configure:8582: checking if gcc PIC flag -fPIC -DPIC works
configure:8600: gcc -c -g -O2  -fPIC -DPIC -DPIC conftest.c >&5
configure:8604: $? = 0
configure:8617: result: yes
configure:8646: checking if gcc static flag -static works
configure:8674: result: yes
configure:8689: checking if gcc supports -c -o file.o
configure:8710: gcc -c -g -O2  -o out/conftest2.o conftest.c >&5
configure:8714: $? = 0
configure:8736: result: yes
configure:8744: checking if gcc supports -c -o file.o
configure:8791: result: yes
configure:8824: checking whether the gcc linker (/usr/bin/ld -m elf_x86_64) supports shared libraries
configure:10087: result: yes
configure:10327: checking dynamic linker characteristics
configure:10908: gcc -o conftest -g -O2   -Wl,-rpath -Wl,/foo conftest.c  >&5
configure:10908: $? = 0
configure:11157: result: GNU/Linux ld.so
configure:11279: checking how to hardcode library paths into programs
configure:11304: result: immediate
configure:11852: checking whether stripping libraries is possible
configure:11857: result: yes
configure:11892: checking if libtool supports shared libraries
configure:11894: result: yes
configure:11897: checking whether to build shared libraries
configure:11922: result: no
configure:11925: checking whether to build static libraries
configure:11929: result: yes
configure:12005: checking arpa/inet.h usability
configure:12005: gcc -c -g -O2 -DDSSL -D_SYS_MD5_H -I/usr/local/ssl/include  conftest.c >&5
configure:12005: $? = 0
configure:12005: result: yes
configure:12005: checking arpa/inet.h presence
configure:12005: gcc -E  conftest.c
configure:12005: $? = 0
configure:12005: result: yes
configure:12005: checking for arpa/inet.h
configure:12005: result: yes
configure:12005: checking for inttypes.h
configure:12005: result: yes
configure:12005: checking netinet/in.h usability
configure:12005: gcc -c -g -O2 -DDSSL -D_SYS_MD5_H -I/usr/local/ssl/include  conftest.c >&5
configure:12005: $? = 0
configure:12005: result: yes
configure:12005: checking netinet/in.h presence
configure:12005: gcc -E  conftest.c
configure:12005: $? = 0
configure:12005: result: yes
configure:12005: checking for netinet/in.h
configure:12005: result: yes
configure:12005: checking for stdlib.h
configure:12005: result: yes
configure:12005: checking for string.h
configure:12005: result: yes
configure:12005: checking sys/time.h usability
configure:12005: gcc -c -g -O2 -DDSSL -D_SYS_MD5_H -I/usr/local/ssl/include  conftest.c >&5
configure:12005: $? = 0
configure:12005: result: yes
configure:12005: checking sys/time.h presence
configure:12005: gcc -E  conftest.c
configure:12005: $? = 0
configure:12005: result: yes
configure:12005: checking for sys/time.h
configure:12005: result: yes
configure:12016: checking pcap.h usability
configure:12016: gcc -c -g -O2 -DDSSL -D_SYS_MD5_H -I/usr/local/ssl/include  conftest.c >&5
configure:12016: $? = 0
configure:12016: result: yes
configure:12016: checking pcap.h presence
configure:12016: gcc -E  conftest.c
configure:12016: $? = 0
configure:12016: result: yes
configure:12016: checking for pcap.h
configure:12016: result: yes
configure:12024: checking zlib.h usability
configure:12024: gcc -c -g -O2 -DDSSL -D_SYS_MD5_H -I/usr/local/ssl/include  conftest.c >&5
configure:12024: $? = 0
configure:12024: result: yes
configure:12024: checking zlib.h presence
configure:12024: gcc -E  conftest.c
configure:12024: $? = 0
configure:12024: result: yes
configure:12024: checking for zlib.h
configure:12024: result: yes
configure:12033: checking openssl/ssl.h usability
configure:12033: gcc -c -g -O2 -DDSSL -D_SYS_MD5_H -I/usr/local/ssl/include  conftest.c >&5
configure:12033: $? = 0
configure:12033: result: yes
configure:12033: checking openssl/ssl.h presence
configure:12033: gcc -E  conftest.c
configure:12033: $? = 0
configure:12033: result: yes
configure:12033: checking for openssl/ssl.h
configure:12033: result: yes
configure:12056: checking for dlopen in -ldl
configure:12081: gcc -o conftest -g -O2 -DDSSL -D_SYS_MD5_H -I/usr/local/ssl/include -O2 -DNDEBUG   -L/usr/local/ssl/lib conftest.c -ldl   >&5
configure:12081: $? = 0
configure:12090: result: yes
configure:12254: checking that generated files are newer than configure
configure:12260: result: done
configure:12287: creating ./config.status

## ---------------- ##
## Cache variables. ##
## ---------------- ##

ac_cv_build=x86_64-pc-linux-gnu
ac_cv_c_compiler_gnu=yes
ac_cv_env_CC_set=
ac_cv_env_CC_value=
ac_cv_env_CFLAGS_set=
ac_cv_env_CFLAGS_value=
ac_cv_env_CPPFLAGS_set=
ac_cv_env_CPPFLAGS_value=
ac_cv_env_CPP_set=
ac_cv_env_CPP_value=
ac_cv_env_LDFLAGS_set=
ac_cv_env_LDFLAGS_value=
ac_cv_env_LIBS_set=
ac_cv_env_LIBS_value=
ac_cv_env_LT_SYS_LIBRARY_PATH_set=
ac_cv_env_LT_SYS_LIBRARY_PATH_value=
ac_cv_env_build_alias_set=
ac_cv_env_build_alias_value=
ac_cv_env_host_alias_set=
ac_cv_env_host_alias_value=
ac_cv_env_target_alias_set=
ac_cv_env_target_alias_value=
ac_cv_header_arpa_inet_h=yes
ac_cv_header_dlfcn_h=yes
ac_cv_header_inttypes_h=yes
ac_cv_header_memory_h=yes
ac_cv_header_netinet_in_h=yes
ac_cv_header_openssl_ssl_h=yes
ac_cv_header_pcap_h=yes
ac_cv_header_stdc=yes
ac_cv_header_stdint_h=yes
ac_cv_header_stdlib_h=yes
ac_cv_header_string_h=yes
ac_cv_header_strings_h=yes
ac_cv_header_sys_stat_h=yes
ac_cv_header_sys_time_h=yes
ac_cv_header_sys_types_h=yes
ac_cv_header_unistd_h=yes
ac_cv_header_zlib_h=yes
ac_cv_host=x86_64-pc-linux-gnu
ac_cv_lib_dl_dlopen=yes
ac_cv_objext=o
ac_cv_path_EGREP='/bin/grep -E'
ac_cv_path_FGREP='/bin/grep -F'
ac_cv_path_GREP=/bin/grep
ac_cv_path_SED=/bin/sed
ac_cv_path_install='/usr/bin/install -c'
ac_cv_path_lt_DD=/bin/dd
ac_cv_path_mkdir=/bin/mkdir
ac_cv_prog_AWK=gawk
ac_cv_prog_CPP='gcc -E'
ac_cv_prog_ac_ct_AR=ar
ac_cv_prog_ac_ct_CC=gcc
ac_cv_prog_ac_ct_MANIFEST_TOOL=mt
ac_cv_prog_ac_ct_OBJDUMP=objdump
ac_cv_prog_ac_ct_RANLIB=ranlib
ac_cv_prog_ac_ct_STRIP=strip
ac_cv_prog_cc_c89=
ac_cv_prog_cc_g=yes
ac_cv_prog_make_make_set=yes
am_cv_CC_dependencies_compiler_type=gcc3
am_cv_make_support_nested_variables=yes
am_cv_prog_cc_c_o=yes
lt_cv_ar_at_file=@
lt_cv_deplibs_check_method=pass_all
lt_cv_file_magic_cmd='$MAGIC_CMD'
lt_cv_file_magic_test_file=
lt_cv_ld_reload_flag=-r
lt_cv_nm_interface='BSD nm'
lt_cv_objdir=.libs
lt_cv_path_LD=/usr/bin/ld
lt_cv_path_NM='/usr/bin/nm -B'
lt_cv_path_mainfest_tool=no
lt_cv_prog_compiler_c_o=yes
lt_cv_prog_compiler_pic='-fPIC -DPIC'
lt_cv_prog_compiler_pic_works=yes
lt_cv_prog_compiler_rtti_exceptions=no
lt_cv_prog_compiler_static_works=yes
lt_cv_prog_gnu_ld=yes
lt_cv_sharedlib_from_linklib_cmd='printf %s\n'
lt_cv_shlibpath_overrides_runpath=no
lt_cv_sys_global_symbol_pipe='sed -n -e '\''s/^.*[	 ]\([ABCDGIRSTW][ABCDGIRSTW]*\)[	 ][	 ]*\([_A-Za-z][_A-Za-z0-9]*\)$/\1 \2 \2/p'\'' | sed '\''/ __gnu_lto/d'\'''
lt_cv_sys_global_symbol_to_c_name_address='sed -n -e '\''s/^: \(.*\) .*$/  {"\1", (void *) 0},/p'\'' -e '\''s/^[ABCDGIRSTW][ABCDGIRSTW]* .* \(.*\)$/  {"\1", (void *) \&\1},/p'\'''
lt_cv_sys_global_symbol_to_c_name_address_lib_prefix='sed -n -e '\''s/^: \(.*\) .*$/  {"\1", (void *) 0},/p'\'' -e '\''s/^[ABCDGIRSTW][ABCDGIRSTW]* .* \(lib.*\)$/  {"\1", (void *) \&\1},/p'\'' -e '\''s/^[ABCDGIRSTW][ABCDGIRSTW]* .* \(.*\)$/  {"lib\1", (void *) \&\1},/p'\'''
lt_cv_sys_global_symbol_to_cdecl='sed -n -e '\''s/^T .* \(.*\)$/extern int \1();/p'\'' -e '\''s/^[ABCDGIRSTW][ABCDGIRSTW]* .* \(.*\)$/extern char \1;/p'\'''
lt_cv_sys_global_symbol_to_import=
lt_cv_sys_max_cmd_len=1572864
lt_cv_to_host_file_cmd=func_convert_file_noop
lt_cv_to_tool_file_cmd=func_convert_file_noop
lt_cv_truncate_bin='/bin/dd bs=4096 count=1'

## ----------------- ##
## Output variables. ##
## ----------------- ##

ACLOCAL='${SHELL} /home/amitjain/kavachdatapath/kavachdatapath/pcapmode/libdssl/build/missing aclocal-1.15'
AMDEPBACKSLASH='\'
AMDEP_FALSE='#'
AMDEP_TRUE=''
AMTAR='$${TAR-tar}'
AM_BACKSLASH='\'
AM_DEFAULT_V='$(AM_DEFAULT_VERBOSITY)'
AM_DEFAULT_VERBOSITY='1'
AM_V='$(V)'
AR='ar'
AUTOCONF='${SHELL} /home/amitjain/kavachdatapath/kavachdatapath/pcapmode/libdssl/build/missing autoconf'
AUTOHEADER='${SHELL} /home/amitjain/kavachdatapath/kavachdatapath/pcapmode/libdssl/build/missing autoheader'
AUTOMAKE='${SHELL} /home/amitjain/kavachdatapath/kavachdatapath/pcapmode/libdssl/build/missing automake-1.15'
AWK='gawk'
CC='gcc'
CCDEPMODE='depmode=gcc3'
CFLAGS='-g -O2 -DDSSL -D_SYS_MD5_H -I/usr/local/ssl/include -O2 -DNDEBUG'
CPP='gcc -E'
CPPFLAGS=''
CYGPATH_W='echo'
DEFS='-DPACKAGE_NAME=\"\" -DPACKAGE_TARNAME=\"\" -DPACKAGE_VERSION=\"\" -DPACKAGE_STRING=\"\" -DPACKAGE_BUGREPORT=\"\" -DPACKAGE_URL=\"\" -DPACKAGE=\"dssl\" -DVERSION=\"2.1.1\" -DSTDC_HEADERS=1 -DHAVE_SYS_TYPES_H=1 -DHAVE_SYS_STAT_H=1 -DHAVE_STDLIB_H=1 -DHAVE_STRING_H=1 -DHAVE_MEMORY_H=1 -DHAVE_STRINGS_H=1 -DHAVE_INTTYPES_H=1 -DHAVE_STDINT_H=1 -DHAVE_UNISTD_H=1 -DHAVE_DLFCN_H=1 -DLT_OBJDIR=\".libs/\" -DHAVE_ARPA_INET_H=1 -DHAVE_INTTYPES_H=1 -DHAVE_NETINET_IN_H=1 -DHAVE_STDLIB_H=1 -DHAVE_STRING_H=1 -DHAVE_SYS_TIME_H=1'
DEPDIR='.deps'
DLLTOOL='false'
DSYMUTIL=''
DUMPBIN=''
ECHO_C=''
ECHO_N='-n'
ECHO_T=''
EGREP='/bin/grep -E'
ENABLE_EXAMPLES_BUILD_FALSE='#'
ENABLE_EXAMPLES_BUILD_TRUE=''
EXEEXT=''
FGREP='/bin/grep -F'
GREP='/bin/grep'
INSTALL_DATA='${INSTALL} -m 644'
INSTALL_PROGRAM='${INSTALL}'
INSTALL_SCRIPT='${INSTALL}'
INSTALL_STRIP_PROGRAM='$(install_sh) -c -s'
LD='/usr/bin/ld -m elf_x86_64'
LDFLAGS=' -L/usr/local/ssl/lib'
LIBOBJS=''
LIBS='-lz -lssl -lcrypto -ldl '
LIBTOOL='$(SHELL) $(top_builddir)/libtool'
LIPO=''
LN_S='ln -s'
LTLIBOBJS=''
LT_SYS_LIBRARY_PATH=''
MAKEINFO='${SHELL} /home/amitjain/kavachdatapath/kavachdatapath/pcapmode/libdssl/build/missing makeinfo'
MANIFEST_TOOL=':'
MKDIR_P='/bin/mkdir -p'
NM='/usr/bin/nm -B'
NMEDIT=''
OBJDUMP='objdump'
OBJEXT='o'
OTOOL64=''
OTOOL=''
PACKAGE='dssl'
PACKAGE_BUGREPORT=''
PACKAGE_NAME=''
PACKAGE_STRING=''
PACKAGE_TARNAME=''
PACKAGE_URL=''
PACKAGE_VERSION=''
PATH_SEPARATOR=':'
RANLIB='ranlib'
SED='/bin/sed'
SET_MAKE=''
SHELL='/bin/bash'
STRIP='strip'
VERSION='2.1.1'
ac_ct_AR='ar'
ac_ct_CC='gcc'
ac_ct_DUMPBIN=''
am__EXEEXT_FALSE=''
am__EXEEXT_TRUE='#'
am__fastdepCC_FALSE='#'
am__fastdepCC_TRUE=''
am__include='include'
am__isrc=''
am__leading_dot='.'
am__nodep='_no'
am__quote=''
am__tar='$${TAR-tar} chof - "$$tardir"'
am__untar='$${TAR-tar} xf -'
bindir='${exec_prefix}/bin'
build='x86_64-pc-linux-gnu'
build_alias=''
build_cpu='x86_64'
build_os='linux-gnu'
build_vendor='pc'
datadir='${datarootdir}'
datarootdir='${prefix}/share'
docdir='${datarootdir}/doc/${PACKAGE}'
dvidir='${docdir}'
exec_prefix='${prefix}'
host='x86_64-pc-linux-gnu'
host_alias=''
host_cpu='x86_64'
host_os='linux-gnu'
host_vendor='pc'
htmldir='${docdir}'
includedir='${prefix}/include'
infodir='${datarootdir}/info'
install_sh='${SHELL} /home/amitjain/kavachdatapath/kavachdatapath/pcapmode/libdssl/build/install-sh'
libdir='${exec_prefix}/lib'
libexecdir='${exec_prefix}/libexec'
localedir='${datarootdir}/locale'
localstatedir='${prefix}/var'
mandir='${datarootdir}/man'
mkdir_p='$(MKDIR_P)'
oldincludedir='/usr/include'
pdfdir='${docdir}'
prefix='/usr/local'
program_transform_name='s,x,x,'
psdir='${docdir}'
runstatedir='${localstatedir}/run'
sbindir='${exec_prefix}/sbin'
sharedstatedir='${prefix}/com'
sysconfdir='${prefix}/etc'
target_alias=''

## ----------- ##
## confdefs.h. ##
## ----------- ##

/* confdefs.h */
#define PACKAGE_NAME ""
#define PACKAGE_TARNAME ""
#define PACKAGE_VERSION ""
#define PACKAGE_STRING ""
#define PACKAGE_BUGREPORT ""
#define PACKAGE_URL ""
#define PACKAGE "dssl"
#define VERSION "2.1.1"
#define STDC_HEADERS 1
#define HAVE_SYS_TYPES_H 1
#define HAVE_SYS_STAT_H 1
#define HAVE_STDLIB_H 1
#define HAVE_STRING_H 1
#define HAVE_MEMORY_H 1
#define HAVE_STRINGS_H 1
#define HAVE_INTTYPES_H 1
#define HAVE_STDINT_H 1
#define HAVE_UNISTD_H 1
#define HAVE_DLFCN_H 1
#define LT_OBJDIR ".libs/"
#define HAVE_ARPA_INET_H 1
#define HAVE_INTTYPES_H 1
#define HAVE_NETINET_IN_H 1
#define HAVE_STDLIB_H 1
#define HAVE_STRING_H 1
#define HAVE_SYS_TIME_H 1

configure: exit 0

## ---------------------- ##
## Running config.status. ##
## ---------------------- ##

This file was extended by config.status, which was
generated by GNU Autoconf 2.69.  Invocation command line was

  CONFIG_FILES    = 
  CONFIG_HEADERS  = 
  CONFIG_LINKS    = 
  CONFIG_COMMANDS = 
  $ ./config.status 

on amitjain-devvm

config.status:1012: creating Makefile
config.status:1012: creating src/Makefile
config.status:1012: creating samples/Makefile
config.status:1012: creating tests/Makefile
config.status:1184: executing depfiles commands
config.status:1184: executing libtool commands
